# JRE version: OpenJDK Runtime Environment GraalVM 22.3.1 (11.0.18+10) (build 11.0.18+10-jvmci-22.3-b13)
# Java VM: OpenJDK 64-Bit Server VM GraalVM 22.3.1 (11.0.18+10-jvmci-22.3-b13, mixed mode, sharing, tiered, jvmci, jvmci compiler, compressed oops, g1 gc, bsd-amd64)
Heap:
 garbage-first heap   total 837632K, used 354254K [0x0000000600000000, 0x0000000800000000)
  region size 2048K, 69 young (141312K), 4 survivors (8192K)
 Metaspace       used 32060K, capacity 32843K, committed 33152K, reserved 1079296K
  class space    used 3382K, capacity 3665K, committed 3712K, reserved 1048576K
GC Heap History (20 events):
Event: 0.915 GC heap before
{Heap before GC invocations=1 (full 0):
 garbage-first heap   total 528384K, used 35678K [0x0000000600000000, 0x0000000800000000)
  region size 2048K, 16 young (32768K), 2 survivors (4096K)
 Metaspace       used 20647K, capacity 21002K, committed 21248K, reserved 1067008K
  class space    used 2573K, capacity 2726K, committed 2816K, reserved 1048576K
}
Event: 0.926 GC heap after
{Heap after GC invocations=2 (full 0):
 garbage-first heap   total 528384K, used 11743K [0x0000000600000000, 0x0000000800000000)
  region size 2048K, 4 young (8192K), 4 survivors (8192K)
 Metaspace       used 20647K, capacity 21002K, committed 21248K, reserved 1067008K
  class space    used 2573K, capacity 2726K, committed 2816K, reserved 1048576K
}
Event: 1.197 GC heap before
{Heap before GC invocations=3 (full 0):
 garbage-first heap   total 528384K, used 44511K [0x0000000600000000, 0x0000000800000000)
  region size 2048K, 21 young (43008K), 4 survivors (8192K)
 Metaspace       used 23180K, capacity 23628K, committed 24064K, reserved 1071104K
  class space    used 2843K, capacity 3048K, committed 3072K, reserved 1048576K
}
Event: 1.206 GC heap after
{Heap after GC invocations=4 (full 0):
 garbage-first heap   total 528384K, used 12660K [0x0000000600000000, 0x0000000800000000)
  region size 2048K, 2 young (4096K), 2 survivors (4096K)
 Metaspace       used 23180K, capacity 23628K, committed 24064K, reserved 1071104K
  class space    used 2843K, capacity 3048K, committed 3072K, reserved 1048576K
}
Event: 1.670 GC heap before
{Heap before GC invocations=4 (full 0):
 garbage-first heap   total 528384K, used 100724K [0x0000000600000000, 0x0000000800000000)
  region size 2048K, 41 young (83968K), 2 survivors (4096K)
 Metaspace       used 27510K, capacity 28106K, committed 28416K, reserved 1075200K
  class space    used 3279K, capacity 3534K, committed 3584K, reserved 1048576K
}
Event: 1.677 GC heap after
{Heap after GC invocations=5 (full 0):
 garbage-first heap   total 528384K, used 19827K [0x0000000600000000, 0x0000000800000000)
  region size 2048K, 4 young (8192K), 4 survivors (8192K)
 Metaspace       used 27510K, capacity 28106K, committed 28416K, reserved 1075200K
  class space    used 3279K, capacity 3534K, committed 3584K, reserved 1048576K
}
Event: 2.049 GC heap before
{Heap before GC invocations=5 (full 0):
 garbage-first heap   total 528384K, used 111987K [0x0000000600000000, 0x0000000800000000)
  region size 2048K, 49 young (100352K), 4 survivors (8192K)
 Metaspace       used 28815K, capacity 29425K, committed 29696K, reserved 1075200K
  class space    used 3319K, capacity 3584K, committed 3584K, reserved 1048576K
}
Event: 2.055 GC heap after
{Heap after GC invocations=6 (full 0):
 garbage-first heap   total 692224K, used 22491K [0x0000000600000000, 0x0000000800000000)
  region size 2048K, 4 young (8192K), 4 survivors (8192K)
 Metaspace       used 28815K, capacity 29425K, committed 29696K, reserved 1075200K
  class space    used 3319K, capacity 3584K, committed 3584K, reserved 1048576K
}
Event: 2.692 GC heap before
{Heap before GC invocations=6 (full 0):
 garbage-first heap   total 692224K, used 233435K [0x0000000600000000, 0x0000000800000000)
  region size 2048K, 92 young (188416K), 4 survivors (8192K)
 Metaspace       used 30061K, capacity 30702K, committed 31104K, reserved 1077248K
  class space    used 3354K, capacity 3640K, committed 3712K, reserved 1048576K
}
Event: 2.700 GC heap after
{Heap after GC invocations=7 (full 0):
 garbage-first heap   total 692224K, used 40275K [0x0000000600000000, 0x0000000800000000)
  region size 2048K, 5 young (10240K), 5 survivors (10240K)
 Metaspace       used 30061K, capacity 30702K, committed 31104K, reserved 1077248K
  class space    used 3354K, capacity 3640K, committed 3712K, reserved 1048576K
}
Event: 3.208 GC heap before
{Heap before GC invocations=7 (full 0):
 garbage-first heap   total 692224K, used 283987K [0x0000000600000000, 0x0000000800000000)
  region size 2048K, 105 young (215040K), 5 survivors (10240K)
 Metaspace       used 30596K, capacity 31306K, committed 31616K, reserved 1077248K
  class space    used 3363K, capacity 3648K, committed 3712K, reserved 1048576K
}
Event: 3.219 GC heap after
{Heap after GC invocations=8 (full 0):
 garbage-first heap   total 692224K, used 62629K [0x0000000600000000, 0x0000000800000000)
  region size 2048K, 5 young (10240K), 5 survivors (10240K)
 Metaspace       used 30596K, capacity 31306K, committed 31616K, reserved 1077248K
  class space    used 3363K, capacity 3648K, committed 3712K, reserved 1048576K
}
Event: 3.719 GC heap before
{Heap before GC invocations=8 (full 0):
 garbage-first heap   total 692224K, used 351397K [0x0000000600000000, 0x0000000800000000)
  region size 2048K, 142 young (290816K), 5 survivors (10240K)
 Metaspace       used 31040K, capacity 31717K, committed 31872K, reserved 1077248K
  class space    used 3370K, capacity 3655K, committed 3712K, reserved 1048576K
}
Event: 3.739 GC heap after
{Heap after GC invocations=9 (full 0):
 garbage-first heap   total 692224K, used 73381K [0x0000000600000000, 0x0000000800000000)
  region size 2048K, 5 young (10240K), 5 survivors (10240K)
 Metaspace       used 31040K, capacity 31717K, committed 31872K, reserved 1077248K
  class space    used 3370K, capacity 3655K, committed 3712K, reserved 1048576K
}
Event: 4.298 GC heap before
{Heap before GC invocations=9 (full 0):
 garbage-first heap   total 692224K, used 497317K [0x0000000600000000, 0x0000000800000000)
  region size 2048K, 171 young (350208K), 5 survivors (10240K)
 Metaspace       used 31438K, capacity 32133K, committed 32384K, reserved 1077248K
  class space    used 3382K, capacity 3664K, committed 3712K, reserved 1048576K
}
Event: 4.336 GC heap after
{Heap after GC invocations=10 (full 0):
 garbage-first heap   total 837632K, used 125631K [0x0000000600000000, 0x0000000800000000)
  region size 2048K, 5 young (10240K), 5 survivors (10240K)
 Metaspace       used 31438K, capacity 32133K, committed 32384K, reserved 1077248K
  class space    used 3382K, capacity 3664K, committed 3712K, reserved 1048576K
}
Event: 5.075 GC heap before
{Heap before GC invocations=10 (full 0):
 garbage-first heap   total 837632K, used 643775K [0x0000000600000000, 0x0000000800000000)
  region size 2048K, 177 young (362496K), 5 survivors (10240K)
 Metaspace       used 31944K, capacity 32650K, committed 32896K, reserved 1079296K
  class space    used 3382K, capacity 3665K, committed 3712K, reserved 1048576K
}
Event: 5.134 GC heap after
{Heap after GC invocations=11 (full 0):
 garbage-first heap   total 837632K, used 224949K [0x0000000600000000, 0x0000000800000000)
  region size 2048K, 5 young (10240K), 5 survivors (10240K)
 Metaspace       used 31944K, capacity 32650K, committed 32896K, reserved 1079296K
  class space    used 3382K, capacity 3665K, committed 3712K, reserved 1048576K
}
Event: 5.451 GC heap before
{Heap before GC invocations=11 (full 0):
 garbage-first heap   total 837632K, used 323253K [0x0000000600000000, 0x0000000800000000)
  region size 2048K, 54 young (110592K), 5 survivors (10240K)
 Metaspace       used 32060K, capacity 32843K, committed 33152K, reserved 1079296K
  class space    used 3382K, capacity 3665K, committed 3712K, reserved 1048576K
}
Event: 5.508 GC heap after
{Heap after GC invocations=12 (full 0):
 garbage-first heap   total 837632K, used 225230K [0x0000000600000000, 0x0000000800000000)
  region size 2048K, 4 young (8192K), 4 survivors (8192K)
 Metaspace       used 32060K, capacity 32843K, committed 33152K, reserved 1079296K
  class space    used 3382K, capacity 3665K, committed 3712K, reserved 1048576K
}

